[debug] [2026-03-31T21:58:32.171Z] ----------------------------------------------------------------------
[debug] [2026-03-31T21:58:32.173Z] Command:       /opt/homebrew/Cellar/node/23.1.0_1/bin/node /opt/homebrew/bin/firebase emulators:start --project demo-slz-training --import=./emulator-data --export-on-exit=./emulator-data
[debug] [2026-03-31T21:58:32.173Z] CLI Version:   15.11.0
[debug] [2026-03-31T21:58:32.173Z] Platform:      darwin
[debug] [2026-03-31T21:58:32.173Z] Node Version:  v23.1.0
[debug] [2026-03-31T21:58:32.174Z] Time:          Wed Apr 01 2026 00:58:32 GMT+0300 (Israel Daylight Time)
[debug] [2026-03-31T21:58:32.174Z] ----------------------------------------------------------------------
[debug] 
[debug] [2026-03-31T21:58:32.175Z] >>> [apiv2][query] GET https://firebase-public.firebaseio.com/cli.json [none]
[debug] [2026-03-31T21:58:33.069Z] > command requires scopes: ["email","openid","https://www.googleapis.com/auth/cloudplatformprojects.readonly","https://www.googleapis.com/auth/firebase","https://www.googleapis.com/auth/cloud-platform"]
[debug] [2026-03-31T21:58:33.069Z] > authorizing via signed-in user (krashin23@gmail.com)
[debug] [2026-03-31T21:58:33.264Z] openjdk version "21.0.10" 2026-01-20 LTS

[debug] [2026-03-31T21:58:33.264Z] OpenJDK Runtime Environment Temurin-21.0.10+7 (build 21.0.10+7-LTS)
OpenJDK 64-Bit Server VM Temurin-21.0.10+7 (build 21.0.10+7-LTS, mixed mode, sharing)

[debug] [2026-03-31T21:58:33.270Z] Parsed Java major version: 21
[info] i  emulators: Starting emulators: auth, functions, firestore, hosting, pubsub, extensions {"metadata":{"emulator":{"name":"hub"},"message":"Starting emulators: auth, functions, firestore, hosting, pubsub, extensions"}}
[info] i  emulators: Detected demo project ID "demo-slz-training", emulated services will use a demo configuration and attempts to access non-emulated services for this project will fail. {"metadata":{"emulator":{"name":"hub"},"message":"Detected demo project ID \"demo-slz-training\", emulated services will use a demo configuration and attempts to access non-emulated services for this project will fail."}}
[debug] [2026-03-31T21:58:33.956Z] [logging] Logging Emulator only supports listening on one address (127.0.0.1). Not listening on ::1
[debug] [2026-03-31T21:58:33.956Z] [auth] Authentication Emulator only supports listening on one address (127.0.0.1). Not listening on ::1
[debug] [2026-03-31T21:58:33.956Z] [firestore] Firestore Emulator only supports listening on one address (127.0.0.1). Not listening on ::1
[debug] [2026-03-31T21:58:33.956Z] [firestore.websocket] websocket server for firestore only supports listening on one address (127.0.0.1). Not listening on ::1
[debug] [2026-03-31T21:58:33.956Z] [pubsub] Pub/Sub Emulator only supports listening on one address (127.0.0.1). Not listening on ::1
[warn] ⚠  hosting: Hosting Emulator unable to start on port 5000, starting on 5002 instead. {"metadata":{"emulator":{"name":"hosting"},"message":"Hosting Emulator unable to start on port 5000, starting on 5002 instead."}}
[debug] [2026-03-31T21:58:33.957Z] [hosting] Hosting Emulator only supports listening on one address (127.0.0.1). Not listening on ::1
[debug] [2026-03-31T21:58:33.957Z] assigned listening specs for emulators {"user":{"hub":[{"address":"127.0.0.1","family":"IPv4","port":4400},{"address":"::1","family":"IPv6","port":4400}],"ui":[{"address":"127.0.0.1","family":"IPv4","port":4000},{"address":"::1","family":"IPv6","port":4000}],"logging":[{"address":"127.0.0.1","family":"IPv4","port":4500}],"auth":[{"address":"127.0.0.1","family":"IPv4","port":9099}],"firestore":[{"address":"127.0.0.1","family":"IPv4","port":8080}],"firestore.websocket":[{"address":"127.0.0.1","family":"IPv4","port":9150}],"pubsub":[{"address":"127.0.0.1","family":"IPv4","port":8085}],"hosting":[{"address":"127.0.0.1","family":"IPv4","port":5002}]},"metadata":{"message":"assigned listening specs for emulators"}}
[debug] [2026-03-31T21:58:33.958Z] Write emulator hub locator at /var/folders/d7/x0789_1d5rv78g3pqn6gl1y80000gn/T/hub-demo-slz-training.json
[debug] [2026-03-31T21:58:33.962Z] <<< [apiv2][status] GET https://firebase-public.firebaseio.com/cli.json 200
[debug] [2026-03-31T21:58:33.962Z] <<< [apiv2][body] GET https://firebase-public.firebaseio.com/cli.json {"cloudBuildErrorAfter":1594252800000,"cloudBuildWarnAfter":1590019200000,"defaultNode10After":1594252800000,"minVersion":"3.0.5","node8DeploysDisabledAfter":1613390400000,"node8RuntimeDisabledAfter":1615809600000,"node8WarnAfter":1600128000000}
[debug] [2026-03-31T21:58:33.975Z] [Extensions] Started Extensions emulator, this is a noop.
[debug] [2026-03-31T21:58:34.195Z] [functions] Functions Emulator only supports listening on one address (127.0.0.1). Not listening on ::1
[debug] [2026-03-31T21:58:34.195Z] [eventarc] Eventarc Emulator only supports listening on one address (127.0.0.1). Not listening on ::1
[debug] [2026-03-31T21:58:34.195Z] [tasks] Cloud Tasks Emulator only supports listening on one address (127.0.0.1). Not listening on ::1
[debug] [2026-03-31T21:58:34.195Z] late-assigned ports for functions and eventarc emulators {"user":{"hub":[{"address":"127.0.0.1","family":"IPv4","port":4400},{"address":"::1","family":"IPv6","port":4400}],"ui":[{"address":"127.0.0.1","family":"IPv4","port":4000},{"address":"::1","family":"IPv6","port":4000}],"logging":[{"address":"127.0.0.1","family":"IPv4","port":4500}],"auth":[{"address":"127.0.0.1","family":"IPv4","port":9099}],"firestore":[{"address":"127.0.0.1","family":"IPv4","port":8080}],"firestore.websocket":[{"address":"127.0.0.1","family":"IPv4","port":9150}],"pubsub":[{"address":"127.0.0.1","family":"IPv4","port":8085}],"hosting":[{"address":"127.0.0.1","family":"IPv4","port":5002}],"functions":[{"address":"127.0.0.1","family":"IPv4","port":5001}],"eventarc":[{"address":"127.0.0.1","family":"IPv4","port":9299}],"tasks":[{"address":"127.0.0.1","family":"IPv4","port":9499}]},"metadata":{"message":"late-assigned ports for functions and eventarc emulators"}}
[warn] ⚠  functions: Application Default Credentials detected. Non-emulated services will access production using these credentials. Be careful! {"metadata":{"emulator":{"name":"functions"},"message":"Application Default Credentials detected. Non-emulated services will access production using these credentials. Be careful!"}}
[info] i  firestore: Importing data from /Users/nadavkrashin/Documents/IDF/Bsmch/26A/code/slz-training/emulator-data/firestore_export/firestore_export.overall_export_metadata {"metadata":{"emulator":{"name":"firestore"},"message":"Importing data from /Users/nadavkrashin/Documents/IDF/Bsmch/26A/code/slz-training/emulator-data/firestore_export/firestore_export.overall_export_metadata"}}
[debug] [2026-03-31T21:58:35.756Z] Ignoring unsupported arg: auto_download {"metadata":{"emulator":{"name":"firestore"},"message":"Ignoring unsupported arg: auto_download"}}
[debug] [2026-03-31T21:58:35.756Z] Ignoring unsupported arg: single_project_mode_error {"metadata":{"emulator":{"name":"firestore"},"message":"Ignoring unsupported arg: single_project_mode_error"}}
[debug] [2026-03-31T21:58:35.756Z] Starting Firestore Emulator with command {"binary":"java","args":["-Dgoogle.cloud_firestore.debug_log_level=FINE","-Duser.language=en","-jar","/Users/nadavkrashin/.cache/firebase/emulators/cloud-firestore-emulator-v1.20.4.jar","--host","127.0.0.1","--port",8080,"--websocket_port",9150,"--project_id","demo-slz-training","--seed_from_export","/Users/nadavkrashin/Documents/IDF/Bsmch/26A/code/slz-training/emulator-data/firestore_export/firestore_export.overall_export_metadata","--rules","/Users/nadavkrashin/Documents/IDF/Bsmch/26A/code/slz-training/firestore.rules","--single_project_mode",true,"--functions_emulator","127.0.0.1:5001"],"optionalArgs":["port","webchannel_port","host","rules","websocket_port","functions_emulator","seed_from_export","project_id","single_project_mode"],"joinArgs":false,"shell":false,"port":8080} {"metadata":{"emulator":{"name":"firestore"},"message":"Starting Firestore Emulator with command {\"binary\":\"java\",\"args\":[\"-Dgoogle.cloud_firestore.debug_log_level=FINE\",\"-Duser.language=en\",\"-jar\",\"/Users/nadavkrashin/.cache/firebase/emulators/cloud-firestore-emulator-v1.20.4.jar\",\"--host\",\"127.0.0.1\",\"--port\",8080,\"--websocket_port\",9150,\"--project_id\",\"demo-slz-training\",\"--seed_from_export\",\"/Users/nadavkrashin/Documents/IDF/Bsmch/26A/code/slz-training/emulator-data/firestore_export/firestore_export.overall_export_metadata\",\"--rules\",\"/Users/nadavkrashin/Documents/IDF/Bsmch/26A/code/slz-training/firestore.rules\",\"--single_project_mode\",true,\"--functions_emulator\",\"127.0.0.1:5001\"],\"optionalArgs\":[\"port\",\"webchannel_port\",\"host\",\"rules\",\"websocket_port\",\"functions_emulator\",\"seed_from_export\",\"project_id\",\"single_project_mode\"],\"joinArgs\":false,\"shell\":false,\"port\":8080}"}}
[info] i  firestore: Firestore Emulator logging to firestore-debug.log {"metadata":{"emulator":{"name":"firestore"},"message":"Firestore Emulator logging to \u001b[1mfirestore-debug.log\u001b[22m"}}
[debug] [2026-03-31T21:58:36.568Z] Apr 01, 2026 12:58:36 AM com.google.cloud.datastore.emulator.firestore.websocket.WebSocketServer start
INFO: Started WebSocket server on ws://127.0.0.1:9150
 {"metadata":{"emulator":{"name":"firestore"},"message":"Apr 01, 2026 12:58:36 AM com.google.cloud.datastore.emulator.firestore.websocket.WebSocketServer start\nINFO: Started WebSocket server on ws://127.0.0.1:9150\n"}}
[debug] [2026-03-31T21:58:36.582Z] 
API endpoint: http:// {"metadata":{"emulator":{"name":"firestore"},"message":"\nAPI endpoint: http://"}}
[debug] [2026-03-31T21:58:36.583Z] 127.0.0.1:8080
Database Edition: STANDARD
Database Mode: CLOUD_FIRESTORE

If you are using a library that supports the FIRESTORE_EMULATOR_HOST environment variable, run:

   export FIRESTORE_EMULATOR_HOST=127.0.0.1:8080

If you are running a Firestore in Datastore Mode project, run:

   export DATASTORE_EMULATOR_HOST=127.0.0.1:8080

Note: Support for Datastore Mode is in preview. If you encounter any bugs please file at https://github.com/firebase/firebase-tools/issues.
Dev App Server is now running.

 {"metadata":{"emulator":{"name":"firestore"},"message":"127.0.0.1:8080\nDatabase Edition: STANDARD\nDatabase Mode: CLOUD_FIRESTORE\n\nIf you are using a library that supports the FIRESTORE_EMULATOR_HOST environment variable, run:\n\n   export FIRESTORE_EMULATOR_HOST=127.0.0.1:8080\n\nIf you are running a Firestore in Datastore Mode project, run:\n\n   export DATASTORE_EMULATOR_HOST=127.0.0.1:8080\n\nNote: Support for Datastore Mode is in preview. If you encounter any bugs please file at https://github.com/firebase/firebase-tools/issues.\nDev App Server is now running.\n\n"}}
[info] ✔  firestore: Firestore Emulator UI websocket is running on 9150. {"metadata":{"emulator":{"name":"firestore"},"message":"Firestore Emulator UI websocket is running on 9150."}}
[info] i  auth: Importing config from /Users/nadavkrashin/Documents/IDF/Bsmch/26A/code/slz-training/emulator-data/auth_export/config.json {"metadata":{"emulator":{"name":"auth"},"message":"Importing config from /Users/nadavkrashin/Documents/IDF/Bsmch/26A/code/slz-training/emulator-data/auth_export/config.json"}}
[info] i  auth: Importing accounts from /Users/nadavkrashin/Documents/IDF/Bsmch/26A/code/slz-training/emulator-data/auth_export/accounts.json {"metadata":{"emulator":{"name":"auth"},"message":"Importing accounts from /Users/nadavkrashin/Documents/IDF/Bsmch/26A/code/slz-training/emulator-data/auth_export/accounts.json"}}
[debug] [2026-03-31T21:58:39.623Z] Ignoring unsupported arg: projectId {"metadata":{"emulator":{"name":"pubsub"},"message":"Ignoring unsupported arg: projectId"}}
[debug] [2026-03-31T21:58:39.623Z] Ignoring unsupported arg: auto_download {"metadata":{"emulator":{"name":"pubsub"},"message":"Ignoring unsupported arg: auto_download"}}
[debug] [2026-03-31T21:58:39.623Z] Starting Pub/Sub Emulator with command {"binary":"/Users/nadavkrashin/.cache/firebase/emulators/pubsub-emulator-0.8.29/pubsub-emulator/bin/cloud-pubsub-emulator","args":["--host=127.0.0.1","--port=8085"],"optionalArgs":["port","host"],"joinArgs":true,"shell":true,"port":8085} {"metadata":{"emulator":{"name":"pubsub"},"message":"Starting Pub/Sub Emulator with command {\"binary\":\"/Users/nadavkrashin/.cache/firebase/emulators/pubsub-emulator-0.8.29/pubsub-emulator/bin/cloud-pubsub-emulator\",\"args\":[\"--host=127.0.0.1\",\"--port=8085\"],\"optionalArgs\":[\"port\",\"host\"],\"joinArgs\":true,\"shell\":true,\"port\":8085}"}}
[info] i  pubsub: Pub/Sub Emulator logging to pubsub-debug.log {"metadata":{"emulator":{"name":"pubsub"},"message":"Pub/Sub Emulator logging to \u001b[1mpubsub-debug.log\u001b[22m"}}
[debug] [2026-03-31T21:58:39.728Z] This is the Google Pub/Sub fake.
Implementation may be incomplete or differ from the real system.
 {"metadata":{"emulator":{"name":"pubsub"},"message":"This is the Google Pub/Sub fake.\nImplementation may be incomplete or differ from the real system.\n"}}
[debug] [2026-03-31T21:58:39.758Z] Apr 01, 2026 12:58:39 AM com.google.cloud.pubsub.testing.v1.Main main
INFO: IAM integration is disabled. IAM policy methods and ACL checks are not supported
 {"metadata":{"emulator":{"name":"pubsub"},"message":"Apr 01, 2026 12:58:39 AM com.google.cloud.pubsub.testing.v1.Main main\nINFO: IAM integration is disabled. IAM policy methods and ACL checks are not supported\n"}}
[debug] [2026-03-31T21:58:39.874Z] SLF4J(W): No SLF4J providers were found.
SLF4J(W): Defaulting to no-operation (NOP) logger implementation
 {"metadata":{"emulator":{"name":"pubsub"},"message":"SLF4J(W): No SLF4J providers were found.\nSLF4J(W): Defaulting to no-operation (NOP) logger implementation\n"}}
[debug] [2026-03-31T21:58:39.874Z] SLF4J(W): See https://www.slf4j.org/codes.html#noProviders for further details.
 {"metadata":{"emulator":{"name":"pubsub"},"message":"SLF4J(W): See https://www.slf4j.org/codes.html#noProviders for further details.\n"}}
[debug] [2026-03-31T21:58:40.148Z] Apr 01, 2026 12:58:40 AM com.google.cloud.pubsub.testing.v1.Main main
INFO: Server started, listening on 8085
 {"metadata":{"emulator":{"name":"pubsub"},"message":"Apr 01, 2026 12:58:40 AM com.google.cloud.pubsub.testing.v1.Main main\nINFO: Server started, listening on 8085\n"}}
[debug] [2026-03-31T21:58:40.232Z] Checked if tokens are valid: false, expires at: 1774731960285
[debug] [2026-03-31T21:58:40.232Z] Checked if tokens are valid: false, expires at: 1774731960285
[debug] [2026-03-31T21:58:40.232Z] > refreshing access token with scopes: []
[debug] [2026-03-31T21:58:40.233Z] >>> [apiv2][query] POST https://www.googleapis.com/oauth2/v3/token [none]
[debug] [2026-03-31T21:58:40.233Z] >>> [apiv2][body] POST https://www.googleapis.com/oauth2/v3/token [omitted]
[debug] [2026-03-31T21:58:40.444Z] <<< [apiv2][status] POST https://www.googleapis.com/oauth2/v3/token 200
[debug] [2026-03-31T21:58:40.444Z] <<< [apiv2][body] POST https://www.googleapis.com/oauth2/v3/token [omitted]
[debug] [2026-03-31T21:58:40.456Z] >>> [apiv2][query] GET https://firebase.googleapis.com/v1beta1/projects/demo-slz-training [none]
[debug] [2026-03-31T21:58:41.066Z] <<< [apiv2][status] GET https://firebase.googleapis.com/v1beta1/projects/demo-slz-training 403
[debug] [2026-03-31T21:58:41.066Z] <<< [apiv2][body] GET https://firebase.googleapis.com/v1beta1/projects/demo-slz-training {"error":{"code":403,"message":"The caller does not have permission","status":"PERMISSION_DENIED"}}
[debug] [2026-03-31T21:58:41.066Z] Request to https://firebase.googleapis.com/v1beta1/projects/demo-slz-training had HTTP Error: 403, The caller does not have permission
[info] i  hosting[demo-slz-training]: Serving hosting files from: out {"metadata":{"emulator":{"name":"hosting"},"message":"Serving hosting files from: \u001b[1mout\u001b[22m"}}
[info] ✔  hosting[demo-slz-training]: Local server: http://127.0.0.1:5002 {"metadata":{"emulator":{"name":"hosting"},"message":"Local server: \u001b[4m\u001b[1mhttp://127.0.0.1:5002\u001b[22m\u001b[24m"}}
[debug] [2026-03-31T21:58:41.122Z] [Extensions] Connecting Extensions emulator, this is a noop.
[info] i  functions: Watching "/Users/nadavkrashin/Documents/IDF/Bsmch/26A/code/slz-training/functions" for Cloud Functions... {"metadata":{"emulator":{"name":"functions"},"message":"Watching \"/Users/nadavkrashin/Documents/IDF/Bsmch/26A/code/slz-training/functions\" for Cloud Functions..."}}
[debug] [2026-03-31T21:58:41.124Z] Validating nodejs source
[debug] [2026-03-31T21:58:41.621Z] > [functions] package.json contents: {
  "name": "slz-training-functions",
  "private": true,
  "main": "lib/index.js",
  "scripts": {
    "build": "tsc",
    "serve": "npm run build && firebase emulators:start --only functions",
    "deploy": "firebase deploy --only functions"
  },
  "engines": {
    "node": "22"
  },
  "dependencies": {
    "firebase-admin": "^12.7.0",
    "firebase-functions": "^7.2.2"
  },
  "devDependencies": {
    "typescript": "^5.6.0"
  }
}
[debug] [2026-03-31T21:58:41.622Z] Building nodejs source
[debug] [2026-03-31T21:58:41.622Z] Failed to find version of module node: reached end of search path /Users/nadavkrashin/Documents/IDF/Bsmch/26A/code/slz-training/functions/node_modules
[warn] ⚠  functions: Your requested "node" version "22" doesn't match your global version "23". Using node@23 from host. 
[info] i  functions: Loaded environment variables from .env.local. 
[debug] [2026-03-31T21:58:41.624Z] Could not find functions.yaml. Must use http discovery
[debug] [2026-03-31T21:58:41.627Z] Found firebase-functions binary at '/Users/nadavkrashin/Documents/IDF/Bsmch/26A/code/slz-training/functions/node_modules/.bin/firebase-functions'
[info] Serving at port 8872

[debug] [2026-03-31T21:58:43.028Z] Got response from /__/functions.yaml {"endpoints":{"setAdminClaim":{"availableMemoryMb":null,"timeoutSeconds":null,"minInstances":null,"maxInstances":null,"ingressSettings":null,"concurrency":null,"serviceAccountEmail":null,"vpc":null,"platform":"gcfv2","labels":{},"callableTrigger":{},"entryPoint":"setAdminClaim"},"sendDailyReminder":{"availableMemoryMb":null,"timeoutSeconds":null,"minInstances":null,"maxInstances":null,"ingressSettings":null,"concurrency":null,"serviceAccountEmail":null,"vpc":null,"platform":"gcfv2","labels":{},"scheduleTrigger":{"schedule":"0 22 * * *","retryConfig":{},"timeZone":"Asia/Jerusalem"},"entryPoint":"sendDailyReminder"},"seedMotivationalMessages":{"availableMemoryMb":null,"timeoutSeconds":null,"minInstances":null,"maxInstances":null,"ingressSettings":null,"concurrency":null,"serviceAccountEmail":null,"vpc":null,"platform":"gcfv2","labels":{},"callableTrigger":{},"entryPoint":"seedMotivationalMessages"}},"specVersion":"v1alpha1","requiredAPIs":[{"api":"cloudscheduler.googleapis.com","reason":"Needed for scheduled functions."}],"extensions":{},"params":[{"name":"BOOTSTRAP_ADMIN_EMAIL","type":"string","default":""}]}
[warn] ⚠  functions: Application Default Credentials detected. Non-emulated services will access production using these credentials. Be careful! {"metadata":{"emulator":{"name":"functions"},"message":"Application Default Credentials detected. Non-emulated services will access production using these credentials. Be careful!"}}
[info] ✔  functions: Loaded functions definitions from source: setAdminClaim, sendDailyReminder, seedMotivationalMessages. {"metadata":{"emulator":{"name":"functions"},"message":"Loaded functions definitions from source: setAdminClaim, sendDailyReminder, seedMotivationalMessages."}}
[info] ✔  functions[us-central1-setAdminClaim]: http function initialized (http://127.0.0.1:5001/demo-slz-training/us-central1/setAdminClaim). {"metadata":{"emulator":{"name":"functions"},"message":"\u001b[1mhttp\u001b[22m function initialized (http://127.0.0.1:5001/demo-slz-training/us-central1/setAdminClaim)."}}
[debug] [2026-03-31T21:58:47.050Z] addPubsubTrigger {"eventTrigger":{"eventType":"pubsub","resource":""}}
[debug] [2026-03-31T21:58:47.050Z] [pubsub] addTrigger(firebase-schedule-sendDailyReminder, us-central1-sendDailyReminder-0, http)
[debug] [2026-03-31T21:58:47.051Z] [pubsub] Creating topic: firebase-schedule-sendDailyReminder
[debug] [2026-03-31T21:58:47.108Z] Apr 01, 2026 12:58:47 AM io.gapi.emulators.netty.HttpVersionRoutingHandler channelRead
INFO: Detected HTTP/2 connection.
 {"metadata":{"emulator":{"name":"pubsub"},"message":"Apr 01, 2026 12:58:47 AM io.gapi.emulators.netty.HttpVersionRoutingHandler channelRead\nINFO: Detected HTTP/2 connection.\n"}}
[debug] [2026-03-31T21:58:47.195Z] [pubsub] Creating sub for topic: firebase-schedule-sendDailyReminder
[info] ✔  functions[us-central1-sendDailyReminder]: pubsub function initialized. {"metadata":{"emulator":{"name":"functions"},"message":"\u001b[1mpubsub\u001b[22m function initialized."}}
[info] ✔  functions[us-central1-seedMotivationalMessages]: http function initialized (http://127.0.0.1:5001/demo-slz-training/us-central1/seedMotivationalMessages). {"metadata":{"emulator":{"name":"functions"},"message":"\u001b[1mhttp\u001b[22m function initialized (http://127.0.0.1:5001/demo-slz-training/us-central1/seedMotivationalMessages)."}}
[debug] [2026-03-31T21:58:47.236Z] Could not find VSCode notification endpoint: FetchError: request to http://localhost:40001/vscode/notify failed, reason: . If you are not running the Firebase Data Connect VSCode extension, this is expected and not an issue.
[info] 
┌─────────────────────────────────────────────────────────────┐
│ ✔  All emulators ready! It is now safe to connect your app. │
│ i  View Emulator UI at http://127.0.0.1:4000/               │
└─────────────────────────────────────────────────────────────┘

┌────────────────┬────────────────┬──────────────────────────────────┐
│ Emulator       │ Host:Port      │ View in Emulator UI              │
├────────────────┼────────────────┼──────────────────────────────────┤
│ Authentication │ 127.0.0.1:9099 │ http://127.0.0.1:4000/auth       │
├────────────────┼────────────────┼──────────────────────────────────┤
│ Functions      │ 127.0.0.1:5001 │ http://127.0.0.1:4000/functions  │
├────────────────┼────────────────┼──────────────────────────────────┤
│ Firestore      │ 127.0.0.1:8080 │ http://127.0.0.1:4000/firestore  │
├────────────────┼────────────────┼──────────────────────────────────┤
│ Hosting        │ 127.0.0.1:5002 │ n/a                              │
├────────────────┼────────────────┼──────────────────────────────────┤
│ Pub/Sub        │ 127.0.0.1:8085 │ n/a                              │
├────────────────┼────────────────┼──────────────────────────────────┤
│ Extensions     │ 127.0.0.1:5001 │ http://127.0.0.1:4000/extensions │
└────────────────┴────────────────┴──────────────────────────────────┘
  Emulator Hub host: 127.0.0.1 port: 4400
  Other reserved ports: 4500, 9150
┌─────────────────────────┬───────────────┬─────────────────────┐
│ Extension Instance Name │ Extension Ref │ View in Emulator UI │
└─────────────────────────┴───────────────┴─────────────────────┘
Issues? Report them at https://github.com/firebase/firebase-tools/issues and attach the *-debug.log files.
 
[debug] [2026-03-31T21:58:54.369Z] Apr 01, 2026 12:58:54 AM io.gapi.emulators.netty.HttpVersionRoutingHandler channelRead
INFO: Detected non-HTTP/2 connection.
 {"metadata":{"emulator":{"name":"firestore"},"message":"Apr 01, 2026 12:58:54 AM io.gapi.emulators.netty.HttpVersionRoutingHandler channelRead\nINFO: Detected non-HTTP/2 connection.\n"}}
[debug] [2026-03-31T21:58:54.960Z] Apr 01, 2026 12:58:54 AM io.gapi.emulators.netty.HttpVersionRoutingHandler channelRead
INFO: Detected non-HTTP/2 connection.
 {"metadata":{"emulator":{"name":"firestore"},"message":"Apr 01, 2026 12:58:54 AM io.gapi.emulators.netty.HttpVersionRoutingHandler channelRead\nINFO: Detected non-HTTP/2 connection.\n"}}
[debug] [2026-03-31T21:58:54.971Z] Apr 01, 2026 12:58:54 AM io.gapi.emulators.netty.HttpVersionRoutingHandler channelRead
INFO: Detected non-HTTP/2 connection.
 {"metadata":{"emulator":{"name":"firestore"},"message":"Apr 01, 2026 12:58:54 AM io.gapi.emulators.netty.HttpVersionRoutingHandler channelRead\nINFO: Detected non-HTTP/2 connection.\n"}}
[debug] [2026-03-31T21:58:56.823Z] Apr 01, 2026 12:58:56 AM io.gapi.emulators.netty.HttpVersionRoutingHandler channelRead
INFO: Detected non-HTTP/2 connection.
 {"metadata":{"emulator":{"name":"firestore"},"message":"Apr 01, 2026 12:58:56 AM io.gapi.emulators.netty.HttpVersionRoutingHandler channelRead\nINFO: Detected non-HTTP/2 connection.\n"}}
[debug] [2026-03-31T21:58:56.936Z] Apr 01, 2026 12:58:56 AM io.gapi.emulators.netty.HttpVersionRoutingHandler channelRead
INFO: Detected non-HTTP/2 connection.
 {"metadata":{"emulator":{"name":"firestore"},"message":"Apr 01, 2026 12:58:56 AM io.gapi.emulators.netty.HttpVersionRoutingHandler channelRead\nINFO: Detected non-HTTP/2 connection.\n"}}
[debug] [2026-03-31T21:58:56.970Z] Apr 01, 2026 12:58:56 AM io.gapi.emulators.netty.HttpVersionRoutingHandler channelRead
INFO: Detected non-HTTP/2 connection.
 {"metadata":{"emulator":{"name":"firestore"},"message":"Apr 01, 2026 12:58:56 AM io.gapi.emulators.netty.HttpVersionRoutingHandler channelRead\nINFO: Detected non-HTTP/2 connection.\n"}}
[debug] [2026-03-31T21:58:56.995Z] Apr 01, 2026 12:58:56 AM io.gapi.emulators.netty.HttpVersionRoutingHandler channelRead
INFO: Detected non-HTTP/2 connection.
 {"metadata":{"emulator":{"name":"firestore"},"message":"Apr 01, 2026 12:58:56 AM io.gapi.emulators.netty.HttpVersionRoutingHandler channelRead\nINFO: Detected non-HTTP/2 connection.\n"}}
[debug] [2026-03-31T21:59:00.875Z] Apr 01, 2026 12:59:00 AM io.gapi.emulators.netty.HttpVersionRoutingHandler channelRead
INFO: Detected non-HTTP/2 connection.
 {"metadata":{"emulator":{"name":"firestore"},"message":"Apr 01, 2026 12:59:00 AM io.gapi.emulators.netty.HttpVersionRoutingHandler channelRead\nINFO: Detected non-HTTP/2 connection.\n"}}
[debug] [2026-03-31T21:59:00.884Z] Apr 01, 2026 12:59:00 AM io.gapi.emulators.netty.HttpVersionRoutingHandler channelRead
INFO: Detected non-HTTP/2 connection.
 {"metadata":{"emulator":{"name":"firestore"},"message":"Apr 01, 2026 12:59:00 AM io.gapi.emulators.netty.HttpVersionRoutingHandler channelRead\nINFO: Detected non-HTTP/2 connection.\n"}}
[debug] [2026-03-31T21:59:00.922Z] Apr 01, 2026 12:59:00 AM io.gapi.emulators.netty.HttpVersionRoutingHandler channelRead
INFO: Detected non-HTTP/2 connection.
 {"metadata":{"emulator":{"name":"firestore"},"message":"Apr 01, 2026 12:59:00 AM io.gapi.emulators.netty.HttpVersionRoutingHandler channelRead\nINFO: Detected non-HTTP/2 connection.\n"}}
[debug] [2026-03-31T21:59:00.940Z] Apr 01, 2026 12:59:00 AM io.gapi.emulators.netty.HttpVersionRoutingHandler channelRead
INFO: Detected non-HTTP/2 connection.
 {"metadata":{"emulator":{"name":"firestore"},"message":"Apr 01, 2026 12:59:00 AM io.gapi.emulators.netty.HttpVersionRoutingHandler channelRead\nINFO: Detected non-HTTP/2 connection.\n"}}
[debug] [2026-03-31T21:59:02.777Z] Apr 01, 2026 12:59:02 AM io.gapi.emulators.netty.HttpVersionRoutingHandler channelRead
INFO: Detected non-HTTP/2 connection.
 {"metadata":{"emulator":{"name":"firestore"},"message":"Apr 01, 2026 12:59:02 AM io.gapi.emulators.netty.HttpVersionRoutingHandler channelRead\nINFO: Detected non-HTTP/2 connection.\n"}}
[debug] [2026-03-31T21:59:02.788Z] Apr 01, 2026 12:59:02 AM io.gapi.emulators.netty.HttpVersionRoutingHandler channelRead
INFO: Detected non-HTTP/2 connection.
 {"metadata":{"emulator":{"name":"firestore"},"message":"Apr 01, 2026 12:59:02 AM io.gapi.emulators.netty.HttpVersionRoutingHandler channelRead\nINFO: Detected non-HTTP/2 connection.\n"}}
[debug] [2026-03-31T21:59:05.423Z] Apr 01, 2026 12:59:05 AM io.gapi.emulators.netty.HttpVersionRoutingHandler channelRead
INFO: Detected non-HTTP/2 connection.
 {"metadata":{"emulator":{"name":"firestore"},"message":"Apr 01, 2026 12:59:05 AM io.gapi.emulators.netty.HttpVersionRoutingHandler channelRead\nINFO: Detected non-HTTP/2 connection.\n"}}
[debug] [2026-03-31T21:59:05.436Z] Apr 01, 2026 12:59:05 AM io.gapi.emulators.netty.HttpVersionRoutingHandler channelRead
INFO: Detected non-HTTP/2 connection.
 {"metadata":{"emulator":{"name":"firestore"},"message":"Apr 01, 2026 12:59:05 AM io.gapi.emulators.netty.HttpVersionRoutingHandler channelRead\nINFO: Detected non-HTTP/2 connection.\n"}}
[debug] [2026-03-31T21:59:05.473Z] Apr 01, 2026 12:59:05 AM io.gapi.emulators.netty.HttpVersionRoutingHandler channelRead
INFO: Detected non-HTTP/2 connection.
 {"metadata":{"emulator":{"name":"firestore"},"message":"Apr 01, 2026 12:59:05 AM io.gapi.emulators.netty.HttpVersionRoutingHandler channelRead\nINFO: Detected non-HTTP/2 connection.\n"}}
[debug] [2026-03-31T21:59:05.482Z] Apr 01, 2026 12:59:05 AM io.gapi.emulators.netty.HttpVersionRoutingHandler channelRead
INFO: Detected non-HTTP/2 connection.
 {"metadata":{"emulator":{"name":"firestore"},"message":"Apr 01, 2026 12:59:05 AM io.gapi.emulators.netty.HttpVersionRoutingHandler channelRead\nINFO: Detected non-HTTP/2 connection.\n"}}
[debug] [2026-03-31T21:59:06.405Z] Apr 01, 2026 12:59:06 AM io.gapi.emulators.netty.HttpVersionRoutingHandler channelRead
INFO: Detected non-HTTP/2 connection.
 {"metadata":{"emulator":{"name":"firestore"},"message":"Apr 01, 2026 12:59:06 AM io.gapi.emulators.netty.HttpVersionRoutingHandler channelRead\nINFO: Detected non-HTTP/2 connection.\n"}}
[debug] [2026-03-31T21:59:06.417Z] Apr 01, 2026 12:59:06 AM io.gapi.emulators.netty.HttpVersionRoutingHandler channelRead
INFO: Detected non-HTTP/2 connection.
 {"metadata":{"emulator":{"name":"firestore"},"message":"Apr 01, 2026 12:59:06 AM io.gapi.emulators.netty.HttpVersionRoutingHandler channelRead\nINFO: Detected non-HTTP/2 connection.\n"}}
[debug] [2026-03-31T21:59:55.281Z] Apr 01, 2026 12:59:55 AM io.gapi.emulators.netty.HttpVersionRoutingHandler channelRead
INFO: Detected non-HTTP/2 connection.
 {"metadata":{"emulator":{"name":"firestore"},"message":"Apr 01, 2026 12:59:55 AM io.gapi.emulators.netty.HttpVersionRoutingHandler channelRead\nINFO: Detected non-HTTP/2 connection.\n"}}
[debug] [2026-03-31T21:59:55.287Z] Apr 01, 2026 12:59:55 AM com.google.cloud.datastore.emulator.firestore.webchannel.FirestoreV1WebChannelAdapter$FirestoreWriteHandler onClose
INFO: channel closed
 {"metadata":{"emulator":{"name":"firestore"},"message":"Apr 01, 2026 12:59:55 AM com.google.cloud.datastore.emulator.firestore.webchannel.FirestoreV1WebChannelAdapter$FirestoreWriteHandler onClose\nINFO: channel closed\n"}}
[debug] [2026-03-31T22:00:06.453Z] Apr 01, 2026 1:00:06 AM io.gapi.emulators.netty.HttpVersionRoutingHandler channelRead
INFO: Detected non-HTTP/2 connection.
 {"metadata":{"emulator":{"name":"firestore"},"message":"Apr 01, 2026 1:00:06 AM io.gapi.emulators.netty.HttpVersionRoutingHandler channelRead\nINFO: Detected non-HTTP/2 connection.\n"}}
[debug] [2026-03-31T22:00:10.506Z] Apr 01, 2026 1:00:10 AM io.gapi.emulators.netty.HttpVersionRoutingHandler channelRead
INFO: Detected non-HTTP/2 connection.
 {"metadata":{"emulator":{"name":"firestore"},"message":"Apr 01, 2026 1:00:10 AM io.gapi.emulators.netty.HttpVersionRoutingHandler channelRead\nINFO: Detected non-HTTP/2 connection.\n"}}
[debug] [2026-03-31T22:00:10.524Z] Apr 01, 2026 1:00:10 AM io.gapi.emulators.netty.HttpVersionRoutingHandler channelRead
INFO: Detected non-HTTP/2 connection.
 {"metadata":{"emulator":{"name":"firestore"},"message":"Apr 01, 2026 1:00:10 AM io.gapi.emulators.netty.HttpVersionRoutingHandler channelRead\nINFO: Detected non-HTTP/2 connection.\n"}}
[debug] [2026-03-31T22:00:10.556Z] Apr 01, 2026 1:00:10 AM io.gapi.emulators.netty.HttpVersionRoutingHandler channelRead
INFO: Detected non-HTTP/2 connection.
 {"metadata":{"emulator":{"name":"firestore"},"message":"Apr 01, 2026 1:00:10 AM io.gapi.emulators.netty.HttpVersionRoutingHandler channelRead\nINFO: Detected non-HTTP/2 connection.\n"}}
[debug] [2026-03-31T22:00:10.572Z] Apr 01, 2026 1:00:10 AM io.gapi.emulators.netty.HttpVersionRoutingHandler channelRead
INFO: Detected non-HTTP/2 connection.
 {"metadata":{"emulator":{"name":"firestore"},"message":"Apr 01, 2026 1:00:10 AM io.gapi.emulators.netty.HttpVersionRoutingHandler channelRead\nINFO: Detected non-HTTP/2 connection.\n"}}
[debug] [2026-03-31T22:00:12.966Z] Apr 01, 2026 1:00:12 AM io.gapi.emulators.netty.HttpVersionRoutingHandler channelRead
INFO: Detected non-HTTP/2 connection.
 {"metadata":{"emulator":{"name":"firestore"},"message":"Apr 01, 2026 1:00:12 AM io.gapi.emulators.netty.HttpVersionRoutingHandler channelRead\nINFO: Detected non-HTTP/2 connection.\n"}}
[debug] [2026-03-31T22:00:12.981Z] Apr 01, 2026 1:00:12 AM io.gapi.emulators.netty.HttpVersionRoutingHandler channelRead
INFO: Detected non-HTTP/2 connection.
 {"metadata":{"emulator":{"name":"firestore"},"message":"Apr 01, 2026 1:00:12 AM io.gapi.emulators.netty.HttpVersionRoutingHandler channelRead\nINFO: Detected non-HTTP/2 connection.\n"}}
[debug] [2026-03-31T22:00:13.010Z] Apr 01, 2026 1:00:13 AM io.gapi.emulators.netty.HttpVersionRoutingHandler channelRead
INFO: Detected non-HTTP/2 connection.
 {"metadata":{"emulator":{"name":"firestore"},"message":"Apr 01, 2026 1:00:13 AM io.gapi.emulators.netty.HttpVersionRoutingHandler channelRead\nINFO: Detected non-HTTP/2 connection.\n"}}
[debug] [2026-03-31T22:00:13.026Z] Apr 01, 2026 1:00:13 AM io.gapi.emulators.netty.HttpVersionRoutingHandler channelRead
INFO: Detected non-HTTP/2 connection.
 {"metadata":{"emulator":{"name":"firestore"},"message":"Apr 01, 2026 1:00:13 AM io.gapi.emulators.netty.HttpVersionRoutingHandler channelRead\nINFO: Detected non-HTTP/2 connection.\n"}}
[debug] [2026-03-31T22:00:14.949Z] Apr 01, 2026 1:00:14 AM io.gapi.emulators.netty.HttpVersionRoutingHandler channelRead
INFO: Detected non-HTTP/2 connection.
 {"metadata":{"emulator":{"name":"firestore"},"message":"Apr 01, 2026 1:00:14 AM io.gapi.emulators.netty.HttpVersionRoutingHandler channelRead\nINFO: Detected non-HTTP/2 connection.\n"}}
[debug] [2026-03-31T22:00:14.968Z] Apr 01, 2026 1:00:14 AM io.gapi.emulators.netty.HttpVersionRoutingHandler channelRead
INFO: Detected non-HTTP/2 connection.
 {"metadata":{"emulator":{"name":"firestore"},"message":"Apr 01, 2026 1:00:14 AM io.gapi.emulators.netty.HttpVersionRoutingHandler channelRead\nINFO: Detected non-HTTP/2 connection.\n"}}
[debug] [2026-03-31T22:00:14.985Z] Apr 01, 2026 1:00:14 AM io.gapi.emulators.netty.HttpVersionRoutingHandler channelRead
INFO: Detected non-HTTP/2 connection.
 {"metadata":{"emulator":{"name":"firestore"},"message":"Apr 01, 2026 1:00:14 AM io.gapi.emulators.netty.HttpVersionRoutingHandler channelRead\nINFO: Detected non-HTTP/2 connection.\n"}}
[debug] [2026-03-31T22:00:14.999Z] Apr 01, 2026 1:00:14 AM io.gapi.emulators.netty.HttpVersionRoutingHandler channelRead
INFO: Detected non-HTTP/2 connection.
 {"metadata":{"emulator":{"name":"firestore"},"message":"Apr 01, 2026 1:00:14 AM io.gapi.emulators.netty.HttpVersionRoutingHandler channelRead\nINFO: Detected non-HTTP/2 connection.\n"}}
[debug] [2026-03-31T22:00:16.280Z] Apr 01, 2026 1:00:16 AM io.gapi.emulators.netty.HttpVersionRoutingHandler channelRead
INFO: Detected non-HTTP/2 connection.
 {"metadata":{"emulator":{"name":"firestore"},"message":"Apr 01, 2026 1:00:16 AM io.gapi.emulators.netty.HttpVersionRoutingHandler channelRead\nINFO: Detected non-HTTP/2 connection.\n"}}
[debug] [2026-03-31T22:00:16.299Z] Apr 01, 2026 1:00:16 AM io.gapi.emulators.netty.HttpVersionRoutingHandler channelRead
INFO: Detected non-HTTP/2 connection.
 {"metadata":{"emulator":{"name":"firestore"},"message":"Apr 01, 2026 1:00:16 AM io.gapi.emulators.netty.HttpVersionRoutingHandler channelRead\nINFO: Detected non-HTTP/2 connection.\n"}}
[debug] [2026-03-31T22:00:16.340Z] Apr 01, 2026 1:00:16 AM io.gapi.emulators.netty.HttpVersionRoutingHandler channelRead
INFO: Detected non-HTTP/2 connection.
 {"metadata":{"emulator":{"name":"firestore"},"message":"Apr 01, 2026 1:00:16 AM io.gapi.emulators.netty.HttpVersionRoutingHandler channelRead\nINFO: Detected non-HTTP/2 connection.\n"}}
[debug] [2026-03-31T22:00:16.352Z] Apr 01, 2026 1:00:16 AM io.gapi.emulators.netty.HttpVersionRoutingHandler channelRead
INFO: Detected non-HTTP/2 connection.
 {"metadata":{"emulator":{"name":"firestore"},"message":"Apr 01, 2026 1:00:16 AM io.gapi.emulators.netty.HttpVersionRoutingHandler channelRead\nINFO: Detected non-HTTP/2 connection.\n"}}
[debug] [2026-03-31T22:00:19.689Z] Apr 01, 2026 1:00:19 AM io.gapi.emulators.netty.HttpVersionRoutingHandler channelRead
INFO: Detected non-HTTP/2 connection.
 {"metadata":{"emulator":{"name":"firestore"},"message":"Apr 01, 2026 1:00:19 AM io.gapi.emulators.netty.HttpVersionRoutingHandler channelRead\nINFO: Detected non-HTTP/2 connection.\n"}}
[debug] [2026-03-31T22:00:19.704Z] Apr 01, 2026 1:00:19 AM io.gapi.emulators.netty.HttpVersionRoutingHandler channelRead
INFO: Detected non-HTTP/2 connection.
 {"metadata":{"emulator":{"name":"firestore"},"message":"Apr 01, 2026 1:00:19 AM io.gapi.emulators.netty.HttpVersionRoutingHandler channelRead\nINFO: Detected non-HTTP/2 connection.\n"}}
[debug] [2026-03-31T22:00:19.742Z] Apr 01, 2026 1:00:19 AM io.gapi.emulators.netty.HttpVersionRoutingHandler channelRead
INFO: Detected non-HTTP/2 connection.
 {"metadata":{"emulator":{"name":"firestore"},"message":"Apr 01, 2026 1:00:19 AM io.gapi.emulators.netty.HttpVersionRoutingHandler channelRead\nINFO: Detected non-HTTP/2 connection.\n"}}
[debug] [2026-03-31T22:00:19.747Z] Apr 01, 2026 1:00:19 AM io.gapi.emulators.netty.HttpVersionRoutingHandler channelRead
INFO: Detected non-HTTP/2 connection.
 {"metadata":{"emulator":{"name":"firestore"},"message":"Apr 01, 2026 1:00:19 AM io.gapi.emulators.netty.HttpVersionRoutingHandler channelRead\nINFO: Detected non-HTTP/2 connection.\n"}}
[debug] [2026-03-31T22:00:35.047Z] Apr 01, 2026 1:00:35 AM io.gapi.emulators.netty.HttpVersionRoutingHandler channelRead
INFO: Detected non-HTTP/2 connection.
 {"metadata":{"emulator":{"name":"firestore"},"message":"Apr 01, 2026 1:00:35 AM io.gapi.emulators.netty.HttpVersionRoutingHandler channelRead\nINFO: Detected non-HTTP/2 connection.\n"}}
[debug] [2026-03-31T22:00:35.053Z] Apr 01, 2026 1:00:35 AM io.gapi.emulators.netty.HttpVersionRoutingHandler channelRead
INFO: Detected non-HTTP/2 connection.
 {"metadata":{"emulator":{"name":"firestore"},"message":"Apr 01, 2026 1:00:35 AM io.gapi.emulators.netty.HttpVersionRoutingHandler channelRead\nINFO: Detected non-HTTP/2 connection.\n"}}
[debug] [2026-03-31T22:00:35.057Z] Apr 01, 2026 1:00:35 AM io.gapi.emulators.netty.HttpVersionRoutingHandler channelRead
INFO: Detected non-HTTP/2 connection.
 {"metadata":{"emulator":{"name":"firestore"},"message":"Apr 01, 2026 1:00:35 AM io.gapi.emulators.netty.HttpVersionRoutingHandler channelRead\nINFO: Detected non-HTTP/2 connection.\n"}}
[debug] [2026-03-31T22:00:39.972Z] Apr 01, 2026 1:00:39 AM io.gapi.emulators.netty.HttpVersionRoutingHandler channelRead
INFO: Detected non-HTTP/2 connection.
 {"metadata":{"emulator":{"name":"firestore"},"message":"Apr 01, 2026 1:00:39 AM io.gapi.emulators.netty.HttpVersionRoutingHandler channelRead\nINFO: Detected non-HTTP/2 connection.\n"}}
[debug] [2026-03-31T22:00:39.991Z] Apr 01, 2026 1:00:39 AM io.gapi.emulators.netty.HttpVersionRoutingHandler channelRead
INFO: Detected non-HTTP/2 connection.
 {"metadata":{"emulator":{"name":"firestore"},"message":"Apr 01, 2026 1:00:39 AM io.gapi.emulators.netty.HttpVersionRoutingHandler channelRead\nINFO: Detected non-HTTP/2 connection.\n"}}
[debug] [2026-03-31T22:00:40.021Z] Apr 01, 2026 1:00:40 AM io.gapi.emulators.netty.HttpVersionRoutingHandler channelRead
INFO: Detected non-HTTP/2 connection.
 {"metadata":{"emulator":{"name":"firestore"},"message":"Apr 01, 2026 1:00:40 AM io.gapi.emulators.netty.HttpVersionRoutingHandler channelRead\nINFO: Detected non-HTTP/2 connection.\n"}}
[debug] [2026-03-31T22:00:40.032Z] Apr 01, 2026 1:00:40 AM io.gapi.emulators.netty.HttpVersionRoutingHandler channelRead
INFO: Detected non-HTTP/2 connection.
 {"metadata":{"emulator":{"name":"firestore"},"message":"Apr 01, 2026 1:00:40 AM io.gapi.emulators.netty.HttpVersionRoutingHandler channelRead\nINFO: Detected non-HTTP/2 connection.\n"}}
[debug] [2026-03-31T22:00:43.219Z] Apr 01, 2026 1:00:43 AM io.gapi.emulators.netty.HttpVersionRoutingHandler channelRead
INFO: Detected non-HTTP/2 connection.
 {"metadata":{"emulator":{"name":"firestore"},"message":"Apr 01, 2026 1:00:43 AM io.gapi.emulators.netty.HttpVersionRoutingHandler channelRead\nINFO: Detected non-HTTP/2 connection.\n"}}
[debug] [2026-03-31T22:00:43.226Z] Apr 01, 2026 1:00:43 AM io.gapi.emulators.netty.HttpVersionRoutingHandler channelRead
INFO: Detected non-HTTP/2 connection.
 {"metadata":{"emulator":{"name":"firestore"},"message":"Apr 01, 2026 1:00:43 AM io.gapi.emulators.netty.HttpVersionRoutingHandler channelRead\nINFO: Detected non-HTTP/2 connection.\n"}}
[debug] [2026-03-31T22:01:13.266Z] Apr 01, 2026 1:01:13 AM io.gapi.emulators.netty.HttpVersionRoutingHandler channelRead
INFO: Detected non-HTTP/2 connection.
 {"metadata":{"emulator":{"name":"firestore"},"message":"Apr 01, 2026 1:01:13 AM io.gapi.emulators.netty.HttpVersionRoutingHandler channelRead\nINFO: Detected non-HTTP/2 connection.\n"}}
[debug] [2026-03-31T22:01:35.170Z] Apr 01, 2026 1:01:35 AM io.gapi.emulators.netty.HttpVersionRoutingHandler channelRead
INFO: Detected non-HTTP/2 connection.
 {"metadata":{"emulator":{"name":"firestore"},"message":"Apr 01, 2026 1:01:35 AM io.gapi.emulators.netty.HttpVersionRoutingHandler channelRead\nINFO: Detected non-HTTP/2 connection.\n"}}
[debug] [2026-03-31T22:01:35.175Z] Apr 01, 2026 1:01:35 AM com.google.cloud.datastore.emulator.firestore.webchannel.FirestoreV1WebChannelAdapter$FirestoreWriteHandler onClose
INFO: channel closed
 {"metadata":{"emulator":{"name":"firestore"},"message":"Apr 01, 2026 1:01:35 AM com.google.cloud.datastore.emulator.firestore.webchannel.FirestoreV1WebChannelAdapter$FirestoreWriteHandler onClose\nINFO: channel closed\n"}}
[debug] [2026-03-31T22:01:58.385Z] Apr 01, 2026 1:01:58 AM io.gapi.emulators.netty.HttpVersionRoutingHandler channelRead
INFO: Detected non-HTTP/2 connection.
 {"metadata":{"emulator":{"name":"firestore"},"message":"Apr 01, 2026 1:01:58 AM io.gapi.emulators.netty.HttpVersionRoutingHandler channelRead\nINFO: Detected non-HTTP/2 connection.\n"}}
[debug] [2026-03-31T22:02:58.424Z] Apr 01, 2026 1:02:58 AM io.gapi.emulators.netty.HttpVersionRoutingHandler channelRead
INFO: Detected non-HTTP/2 connection.
 {"metadata":{"emulator":{"name":"firestore"},"message":"Apr 01, 2026 1:02:58 AM io.gapi.emulators.netty.HttpVersionRoutingHandler channelRead\nINFO: Detected non-HTTP/2 connection.\n"}}
[debug] [2026-03-31T22:03:58.461Z] Apr 01, 2026 1:03:58 AM io.gapi.emulators.netty.HttpVersionRoutingHandler channelRead
INFO: Detected non-HTTP/2 connection.
 {"metadata":{"emulator":{"name":"firestore"},"message":"Apr 01, 2026 1:03:58 AM io.gapi.emulators.netty.HttpVersionRoutingHandler channelRead\nINFO: Detected non-HTTP/2 connection.\n"}}
[debug] [2026-03-31T22:04:11.488Z] Apr 01, 2026 1:04:11 AM io.gapi.emulators.netty.HttpVersionRoutingHandler channelRead
INFO: Detected non-HTTP/2 connection.
Apr 01, 2026 1:04:11 AM io.gapi.emulators.netty.HttpVersionRoutingHandler channelRead
INFO: Detected non-HTTP/2 connection.
 {"metadata":{"emulator":{"name":"firestore"},"message":"Apr 01, 2026 1:04:11 AM io.gapi.emulators.netty.HttpVersionRoutingHandler channelRead\nINFO: Detected non-HTTP/2 connection.\nApr 01, 2026 1:04:11 AM io.gapi.emulators.netty.HttpVersionRoutingHandler channelRead\nINFO: Detected non-HTTP/2 connection.\n"}}
[debug] [2026-03-31T22:04:11.498Z] Apr 01, 2026 1:04:11 AM io.gapi.emulators.netty.HttpVersionRoutingHandler channelRead
INFO: Detected non-HTTP/2 connection.
 {"metadata":{"emulator":{"name":"firestore"},"message":"Apr 01, 2026 1:04:11 AM io.gapi.emulators.netty.HttpVersionRoutingHandler channelRead\nINFO: Detected non-HTTP/2 connection.\n"}}
[debug] [2026-03-31T22:04:11.506Z] Apr 01, 2026 1:04:11 AM io.gapi.emulators.netty.HttpVersionRoutingHandler channelRead
INFO: Detected non-HTTP/2 connection.
 {"metadata":{"emulator":{"name":"firestore"},"message":"Apr 01, 2026 1:04:11 AM io.gapi.emulators.netty.HttpVersionRoutingHandler channelRead\nINFO: Detected non-HTTP/2 connection.\n"}}
[debug] [2026-03-31T22:04:11.511Z] Apr 01, 2026 1:04:11 AM io.gapi.emulators.netty.HttpVersionRoutingHandler channelRead
INFO: Detected non-HTTP/2 connection.
 {"metadata":{"emulator":{"name":"firestore"},"message":"Apr 01, 2026 1:04:11 AM io.gapi.emulators.netty.HttpVersionRoutingHandler channelRead\nINFO: Detected non-HTTP/2 connection.\n"}}
[debug] [2026-03-31T22:04:15.084Z] Apr 01, 2026 1:04:15 AM io.gapi.emulators.netty.HttpVersionRoutingHandler channelRead
INFO: Detected non-HTTP/2 connection.
 {"metadata":{"emulator":{"name":"firestore"},"message":"Apr 01, 2026 1:04:15 AM io.gapi.emulators.netty.HttpVersionRoutingHandler channelRead\nINFO: Detected non-HTTP/2 connection.\n"}}
[debug] [2026-03-31T22:04:15.091Z] Apr 01, 2026 1:04:15 AM io.gapi.emulators.netty.HttpVersionRoutingHandler channelRead
INFO: Detected non-HTTP/2 connection.
 {"metadata":{"emulator":{"name":"firestore"},"message":"Apr 01, 2026 1:04:15 AM io.gapi.emulators.netty.HttpVersionRoutingHandler channelRead\nINFO: Detected non-HTTP/2 connection.\n"}}
[debug] [2026-03-31T22:04:15.097Z] Apr 01, 2026 1:04:15 AM io.gapi.emulators.netty.HttpVersionRoutingHandler channelRead
INFO: Detected non-HTTP/2 connection.
 {"metadata":{"emulator":{"name":"firestore"},"message":"Apr 01, 2026 1:04:15 AM io.gapi.emulators.netty.HttpVersionRoutingHandler channelRead\nINFO: Detected non-HTTP/2 connection.\n"}}
[debug] [2026-03-31T22:04:15.303Z] Apr 01, 2026 1:04:15 AM io.gapi.emulators.netty.HttpVersionRoutingHandler channelRead
INFO: Detected non-HTTP/2 connection.
 {"metadata":{"emulator":{"name":"firestore"},"message":"Apr 01, 2026 1:04:15 AM io.gapi.emulators.netty.HttpVersionRoutingHandler channelRead\nINFO: Detected non-HTTP/2 connection.\n"}}
[debug] [2026-03-31T22:04:15.331Z] Apr 01, 2026 1:04:15 AM io.gapi.emulators.netty.HttpVersionRoutingHandler channelRead
INFO: Detected non-HTTP/2 connection.
 {"metadata":{"emulator":{"name":"firestore"},"message":"Apr 01, 2026 1:04:15 AM io.gapi.emulators.netty.HttpVersionRoutingHandler channelRead\nINFO: Detected non-HTTP/2 connection.\n"}}
[debug] [2026-03-31T22:04:15.355Z] Apr 01, 2026 1:04:15 AM io.gapi.emulators.netty.HttpVersionRoutingHandler channelRead
INFO: Detected non-HTTP/2 connection.
 {"metadata":{"emulator":{"name":"firestore"},"message":"Apr 01, 2026 1:04:15 AM io.gapi.emulators.netty.HttpVersionRoutingHandler channelRead\nINFO: Detected non-HTTP/2 connection.\n"}}
[debug] [2026-03-31T22:04:15.397Z] Apr 01, 2026 1:04:15 AM io.gapi.emulators.netty.HttpVersionRoutingHandler channelRead
INFO: Detected non-HTTP/2 connection.
 {"metadata":{"emulator":{"name":"firestore"},"message":"Apr 01, 2026 1:04:15 AM io.gapi.emulators.netty.HttpVersionRoutingHandler channelRead\nINFO: Detected non-HTTP/2 connection.\n"}}
[debug] [2026-03-31T22:04:21.674Z] Apr 01, 2026 1:04:21 AM io.gapi.emulators.netty.HttpVersionRoutingHandler channelRead
INFO: Detected non-HTTP/2 connection.
 {"metadata":{"emulator":{"name":"firestore"},"message":"Apr 01, 2026 1:04:21 AM io.gapi.emulators.netty.HttpVersionRoutingHandler channelRead\nINFO: Detected non-HTTP/2 connection.\n"}}
[debug] [2026-03-31T22:04:21.683Z] Apr 01, 2026 1:04:21 AM io.gapi.emulators.netty.HttpVersionRoutingHandler channelRead
INFO: Detected non-HTTP/2 connection.
 {"metadata":{"emulator":{"name":"firestore"},"message":"Apr 01, 2026 1:04:21 AM io.gapi.emulators.netty.HttpVersionRoutingHandler channelRead\nINFO: Detected non-HTTP/2 connection.\n"}}
[debug] [2026-03-31T22:04:32.514Z] Apr 01, 2026 1:04:32 AM io.gapi.emulators.netty.HttpVersionRoutingHandler channelRead
INFO: Detected non-HTTP/2 connection.
 {"metadata":{"emulator":{"name":"firestore"},"message":"Apr 01, 2026 1:04:32 AM io.gapi.emulators.netty.HttpVersionRoutingHandler channelRead\nINFO: Detected non-HTTP/2 connection.\n"}}
[debug] [2026-03-31T22:04:32.522Z] Apr 01, 2026 1:04:32 AM io.gapi.emulators.netty.HttpVersionRoutingHandler channelRead
INFO: Detected non-HTTP/2 connection.
 {"metadata":{"emulator":{"name":"firestore"},"message":"Apr 01, 2026 1:04:32 AM io.gapi.emulators.netty.HttpVersionRoutingHandler channelRead\nINFO: Detected non-HTTP/2 connection.\n"}}
[debug] [2026-03-31T22:04:32.527Z] Apr 01, 2026 1:04:32 AM io.gapi.emulators.netty.HttpVersionRoutingHandler channelRead
INFO: Detected non-HTTP/2 connection.
 {"metadata":{"emulator":{"name":"firestore"},"message":"Apr 01, 2026 1:04:32 AM io.gapi.emulators.netty.HttpVersionRoutingHandler channelRead\nINFO: Detected non-HTTP/2 connection.\n"}}
[debug] [2026-03-31T22:04:32.702Z] Apr 01, 2026 1:04:32 AM io.gapi.emulators.netty.HttpVersionRoutingHandler channelRead
INFO: Detected non-HTTP/2 connection.
 {"metadata":{"emulator":{"name":"firestore"},"message":"Apr 01, 2026 1:04:32 AM io.gapi.emulators.netty.HttpVersionRoutingHandler channelRead\nINFO: Detected non-HTTP/2 connection.\n"}}
[debug] [2026-03-31T22:04:32.721Z] Apr 01, 2026 1:04:32 AM io.gapi.emulators.netty.HttpVersionRoutingHandler channelRead
INFO: Detected non-HTTP/2 connection.
 {"metadata":{"emulator":{"name":"firestore"},"message":"Apr 01, 2026 1:04:32 AM io.gapi.emulators.netty.HttpVersionRoutingHandler channelRead\nINFO: Detected non-HTTP/2 connection.\n"}}
[debug] [2026-03-31T22:04:32.738Z] Apr 01, 2026 1:04:32 AM io.gapi.emulators.netty.HttpVersionRoutingHandler channelRead
INFO: Detected non-HTTP/2 connection.
 {"metadata":{"emulator":{"name":"firestore"},"message":"Apr 01, 2026 1:04:32 AM io.gapi.emulators.netty.HttpVersionRoutingHandler channelRead\nINFO: Detected non-HTTP/2 connection.\n"}}
[debug] [2026-03-31T22:04:32.765Z] Apr 01, 2026 1:04:32 AM io.gapi.emulators.netty.HttpVersionRoutingHandler channelRead
INFO: Detected non-HTTP/2 connection.
 {"metadata":{"emulator":{"name":"firestore"},"message":"Apr 01, 2026 1:04:32 AM io.gapi.emulators.netty.HttpVersionRoutingHandler channelRead\nINFO: Detected non-HTTP/2 connection.\n"}}
[debug] [2026-03-31T22:05:32.636Z] Apr 01, 2026 1:05:32 AM io.gapi.emulators.netty.HttpVersionRoutingHandler channelRead
INFO: Detected non-HTTP/2 connection.
 {"metadata":{"emulator":{"name":"firestore"},"message":"Apr 01, 2026 1:05:32 AM io.gapi.emulators.netty.HttpVersionRoutingHandler channelRead\nINFO: Detected non-HTTP/2 connection.\n"}}
[debug] [2026-03-31T22:05:32.642Z] Apr 01, 2026 1:05:32 AM com.google.cloud.datastore.emulator.firestore.webchannel.FirestoreV1WebChannelAdapter$FirestoreWriteHandler onClose
INFO: channel closed
 {"metadata":{"emulator":{"name":"firestore"},"message":"Apr 01, 2026 1:05:32 AM com.google.cloud.datastore.emulator.firestore.webchannel.FirestoreV1WebChannelAdapter$FirestoreWriteHandler onClose\nINFO: channel closed\n"}}
[debug] [2026-03-31T22:05:32.800Z] Apr 01, 2026 1:05:32 AM io.gapi.emulators.netty.HttpVersionRoutingHandler channelRead
INFO: Detected non-HTTP/2 connection.
 {"metadata":{"emulator":{"name":"firestore"},"message":"Apr 01, 2026 1:05:32 AM io.gapi.emulators.netty.HttpVersionRoutingHandler channelRead\nINFO: Detected non-HTTP/2 connection.\n"}}
[debug] [2026-03-31T22:06:32.832Z] Apr 01, 2026 1:06:32 AM io.gapi.emulators.netty.HttpVersionRoutingHandler channelRead
INFO: Detected non-HTTP/2 connection.
 {"metadata":{"emulator":{"name":"firestore"},"message":"Apr 01, 2026 1:06:32 AM io.gapi.emulators.netty.HttpVersionRoutingHandler channelRead\nINFO: Detected non-HTTP/2 connection.\n"}}
[debug] [2026-03-31T22:06:48.771Z] Apr 01, 2026 1:06:48 AM io.gapi.emulators.netty.HttpVersionRoutingHandler channelRead
INFO: Detected non-HTTP/2 connection.
 {"metadata":{"emulator":{"name":"firestore"},"message":"Apr 01, 2026 1:06:48 AM io.gapi.emulators.netty.HttpVersionRoutingHandler channelRead\nINFO: Detected non-HTTP/2 connection.\n"}}
[debug] [2026-03-31T22:06:48.779Z] Apr 01, 2026 1:06:48 AM io.gapi.emulators.netty.HttpVersionRoutingHandler channelRead
INFO: Detected non-HTTP/2 connection.
 {"metadata":{"emulator":{"name":"firestore"},"message":"Apr 01, 2026 1:06:48 AM io.gapi.emulators.netty.HttpVersionRoutingHandler channelRead\nINFO: Detected non-HTTP/2 connection.\n"}}
[debug] [2026-03-31T22:06:54.780Z] Apr 01, 2026 1:06:54 AM io.gapi.emulators.netty.HttpVersionRoutingHandler channelRead
INFO: Detected non-HTTP/2 connection.
 {"metadata":{"emulator":{"name":"firestore"},"message":"Apr 01, 2026 1:06:54 AM io.gapi.emulators.netty.HttpVersionRoutingHandler channelRead\nINFO: Detected non-HTTP/2 connection.\n"}}
[debug] [2026-03-31T22:06:54.800Z] Apr 01, 2026 1:06:54 AM io.gapi.emulators.netty.HttpVersionRoutingHandler channelRead
INFO: Detected non-HTTP/2 connection.
 {"metadata":{"emulator":{"name":"firestore"},"message":"Apr 01, 2026 1:06:54 AM io.gapi.emulators.netty.HttpVersionRoutingHandler channelRead\nINFO: Detected non-HTTP/2 connection.\n"}}
[debug] [2026-03-31T22:07:24.835Z] Apr 01, 2026 1:07:24 AM io.gapi.emulators.netty.HttpVersionRoutingHandler channelRead
INFO: Detected non-HTTP/2 connection.
 {"metadata":{"emulator":{"name":"firestore"},"message":"Apr 01, 2026 1:07:24 AM io.gapi.emulators.netty.HttpVersionRoutingHandler channelRead\nINFO: Detected non-HTTP/2 connection.\n"}}
